#
# A fatal error has been detected by the Java Runtime Environment:
#
#  EXCEPTION_ACCESS_VIOLATION (0xc0000005) at pc=0x0000000053a32e7b, pid=3436, tid=0x0000000000002824
#
# JRE version: Java(TM) SE Runtime Environment (8.0_161-b12) (build 1.8.0_161-b12)
# Java VM: Java HotSpot(TM) 64-Bit Server VM (25.161-b12 mixed mode windows-amd64 compressed oops)
# Problematic frame:
# V  [jvm.dll+0x4a2e7b]
#
# Failed to write core dump. Minidumps are not enabled by default on client versions of Windows
#
# If you would like to submit a bug report, please visit:
#   http://bugreport.java.com/bugreport/crash.jsp
#

---------------  T H R E A D  ---------------

Current thread (0x000000001896f800):  JavaThread "C2 CompilerThread1" daemon [_thread_in_native, id=10276, stack(0x0000000019110000,0x0000000019210000)]

siginfo: ExceptionCode=0xc0000005, writing address 0x0000000000002c3d

Registers:
RAX=0x000000001991e32a, RBX=0x000000001f2c7670, RCX=0x0000000000000005, RDX=0x0000000000000008
RSP=0x000000001920bb88, RBP=0x00000000000010e8, RSI=0x000000001920bf40, RDI=0x0000000000002c3d
R8 =0x0000000000000000, R9 =0x000000001991e325, R10=0x0000000053590000, R11=0x000000001f36b770
R12=0x0000000053daffa0, R13=0x000000001f3e65d0, R14=0x0000000000129100, R15=0x0000000053590000
RIP=0x0000000053a32e7b, EFLAGS=0x0000000000010246

Top of Stack: (sp=0x000000001920bb88)
0x000000001920bb88:   00000000539fb25f 000000001920bf60
0x000000001920bb98:   000000001f2c4fb0 00000000000010e8
0x000000001920bba8:   000000001920bf40 00003caa00000000
0x000000001920bbb8:   0000000000000008 000000001b9260a0
0x000000001920bbc8:   000000000000003d 000000001ad30490
0x000000001920bbd8:   000000000000003d 000000001f2b5650
0x000000001920bbe8:   00003cce00000000 0000000000000008
0x000000001920bbf8:   000000001c10d3a0 000000000000003d
0x000000001920bc08:   000000001beb7d80 000000000000003d
0x000000001920bc18:   000000001f1b6150 00002c4200000000
0x000000001920bc28:   0000000000000002 000000001d27f440
0x000000001920bc38:   000000000000002d 000000001d425340
0x000000001920bc48:   000000000000003d 000000001920bf60
0x000000001920bc58:   000000000000003d 000000001d151ee8
0x000000001920bc68:   000000001920bf40 00000000000010e8
0x000000001920bc78:   000000001f2b5650 0000000000002a70 

Instructions: (pc=0x0000000053a32e7b)
0x0000000053a32e5b:   1f 74 f2 41 8b d0 4c 8d 15 98 d1 b5 ff 83 e2 1f
0x0000000053a32e6b:   42 0f b6 8c 12 98 f1 66 00 41 d3 e8 42 8d 04 09
0x0000000053a32e7b:   44 89 07 89 47 04 42 0f b6 84 12 78 f1 66 00 41
0x0000000053a32e8b:   03 c1 48 83 c4 20 5f c3 48 8b cf 48 83 c4 20 5f 


Register to memory mapping:

RAX=0x000000001991e32a is an unknown value
RBX=0x000000001f2c7670 is an unknown value
RCX=0x0000000000000005 is an unknown value
RDX=0x0000000000000008 is an unknown value
RSP=0x000000001920bb88 is pointing into the stack for thread: 0x000000001896f800
RBP=0x00000000000010e8 is an unknown value
RSI=0x000000001920bf40 is pointing into the stack for thread: 0x000000001896f800
RDI=0x0000000000002c3d is an unknown value
R8 =0x0000000000000000 is an unknown value
R9 =0x000000001991e325 is an unknown value
R10=0x0000000053590000 is an unknown value
R11=0x000000001f36b770 is an unknown value
R12=0x0000000053daffa0 is an unknown value
R13=0x000000001f3e65d0 is an unknown value
R14=0x0000000000129100 is an unknown value
R15=0x0000000053590000 is an unknown value


Stack: [0x0000000019110000,0x0000000019210000],  sp=0x000000001920bb88,  free space=1006k
Native frames: (J=compiled Java code, j=interpreted, Vv=VM code, C=native code)
V  [jvm.dll+0x4a2e7b]
C  0x00003caa00000000


Current CompileTask:
C2:   6790 2820       4       org.springframework.asm.ClassReader::readCode (3579 bytes)


---------------  P R O C E S S  ---------------

Java Threads: ( => current thread )
  0x00000000175bb800 JavaThread "Service Thread" daemon [_thread_blocked, id=5572, stack(0x0000000019310000,0x0000000019410000)]
  0x0000000018997800 JavaThread "C1 CompilerThread2" daemon [_thread_blocked, id=32, stack(0x0000000019210000,0x0000000019310000)]
=>0x000000001896f800 JavaThread "C2 CompilerThread1" daemon [_thread_in_native, id=10276, stack(0x0000000019110000,0x0000000019210000)]
  0x000000001896c800 JavaThread "C2 CompilerThread0" daemon [_thread_in_native, id=6560, stack(0x0000000019010000,0x0000000019110000)]
  0x0000000018954800 JavaThread "Monitor Ctrl-Break" daemon [_thread_in_native, id=10356, stack(0x0000000018f10000,0x0000000019010000)]
  0x0000000018953800 JavaThread "Attach Listener" daemon [_thread_blocked, id=7480, stack(0x0000000018e10000,0x0000000018f10000)]
  0x0000000017573000 JavaThread "Signal Dispatcher" daemon [_thread_blocked, id=7456, stack(0x0000000018d10000,0x0000000018e10000)]
  0x000000001754e800 JavaThread "Finalizer" daemon [_thread_blocked, id=5888, stack(0x00000000187c0000,0x00000000188c0000)]
  0x0000000002a07000 JavaThread "Reference Handler" daemon [_thread_blocked, id=2144, stack(0x00000000186c0000,0x00000000187c0000)]
  0x0000000002915800 JavaThread "main" [_thread_in_native, id=4572, stack(0x0000000002710000,0x0000000002810000)]

Other Threads:
  0x0000000017527800 VMThread [stack: 0x00000000185c0000,0x00000000186c0000] [id=6304]
  0x00000000175be800 WatcherThread [stack: 0x0000000019410000,0x0000000019510000] [id=8908]

VM state:not at safepoint (normal execution)

VM Mutex/Monitor currently owned by a thread: None

Heap:
 PSYoungGen      total 84992K, used 60129K [0x00000000d5d80000, 0x00000000dc580000, 0x0000000100000000)
  eden space 76288K, 70% used [0x00000000d5d80000,0x00000000d91e20a0,0x00000000da800000)
  from space 8704K, 74% used [0x00000000db080000,0x00000000db6d6600,0x00000000db900000)
  to   space 8704K, 0% used [0x00000000da800000,0x00000000da800000,0x00000000db080000)
 ParOldGen       total 57856K, used 6866K [0x0000000081800000, 0x0000000085080000, 0x00000000d5d80000)
  object space 57856K, 11% used [0x0000000081800000,0x0000000081eb4ac8,0x0000000085080000)
 Metaspace       used 29707K, capacity 30080K, committed 30592K, reserved 1075200K
  class space    used 3746K, capacity 3847K, committed 3968K, reserved 1048576K

Card table byte_map: [0x0000000011dd0000,0x00000000121d0000] byte_map_base: 0x00000000119c4000

Marking Bits: (ParMarkBitMap*) 0x0000000053daf860
 Begin Bits: [0x0000000012880000, 0x0000000014820000)
 End Bits:   [0x0000000014820000, 0x00000000167c0000)

Polling page: 0x0000000000c70000

CodeCache: size=245760Kb used=12181Kb max_used=12181Kb free=233578Kb
 bounds [0x0000000002a10000, 0x0000000003600000, 0x0000000011a10000]
 total_blobs=3656 nmethods=3240 adapters=328
 compilation: enabled

Compilation events (10 events):
Event: 6.729 Thread 0x000000001896c800 nmethod 3223 0x00000000035c17d0 code [0x00000000035c1940, 0x00000000035c1b90]
Event: 6.729 Thread 0x000000001896c800 3226       4       java.lang.Class::annotationData (44 bytes)
Event: 6.730 Thread 0x0000000018997800 nmethod 3224 0x00000000035d7e50 code [0x00000000035d8100, 0x00000000035d9a98]
Event: 6.730 Thread 0x0000000018997800 3225       3       org.springframework.transaction.interceptor.AbstractFallbackTransactionAttributeSource::getTransactionAttribute (173 bytes)
Event: 6.731 Thread 0x0000000018997800 nmethod 3225 0x00000000035da710 code [0x00000000035daa00, 0x00000000035dc348]
Event: 6.731 Thread 0x0000000018997800 3219   !   3       java.beans.Introspector::getTargetPropertyInfo (582 bytes)
Event: 6.735 Thread 0x0000000018997800 nmethod 3219 0x00000000035dcd50 code [0x00000000035dd280, 0x00000000035e0e48]
Event: 6.735 Thread 0x0000000018997800 3222       3       org.springframework.aop.framework.autoproxy.AbstractAutoProxyCreator::getCacheKey (42 bytes)
Event: 6.735 Thread 0x0000000018997800 nmethod 3222 0x00000000035c2210 code [0x00000000035c2400, 0x00000000035c2eb8]
Event: 6.735 Thread 0x0000000018997800 3229   !   3       com.sun.beans.finder.ClassFinder::findClass (43 bytes)

GC Heap History (10 events):
Event: 4.089 GC heap before
{Heap before GC invocations=5 (full 0):
 PSYoungGen      total 38400K, used 30935K [0x00000000d5d80000, 0x00000000da880000, 0x0000000100000000)
  eden space 33280K, 77% used [0x00000000d5d80000,0x00000000d76bd8b8,0x00000000d7e00000)
  from space 5120K, 99% used [0x00000000d8300000,0x00000000d87f83d8,0x00000000d8800000)
  to   space 5120K, 0% used [0x00000000d7e00000,0x00000000d7e00000,0x00000000d8300000)
 ParOldGen       total 87552K, used 3777K [0x0000000081800000, 0x0000000086d80000, 0x00000000d5d80000)
  object space 87552K, 4% used [0x0000000081800000,0x0000000081bb0780,0x0000000086d80000)
 Metaspace       used 20902K, capacity 21114K, committed 21296K, reserved 1069056K
  class space    used 2564K, capacity 2624K, committed 2688K, reserved 1048576K
Event: 4.098 GC heap after
Heap after GC invocations=5 (full 0):
 PSYoungGen      total 38400K, used 5112K [0x00000000d5d80000, 0x00000000dae80000, 0x0000000100000000)
  eden space 33280K, 0% used [0x00000000d5d80000,0x00000000d5d80000,0x00000000d7e00000)
  from space 5120K, 99% used [0x00000000d7e00000,0x00000000d82fe030,0x00000000d8300000)
  to   space 8192K, 0% used [0x00000000da680000,0x00000000da680000,0x00000000dae80000)
 ParOldGen       total 87552K, used 5540K [0x0000000081800000, 0x0000000086d80000, 0x00000000d5d80000)
  object space 87552K, 6% used [0x0000000081800000,0x0000000081d69298,0x0000000086d80000)
 Metaspace       used 20902K, capacity 21114K, committed 21296K, reserved 1069056K
  class space    used 2564K, capacity 2624K, committed 2688K, reserved 1048576K
}
Event: 4.098 GC heap before
{Heap before GC invocations=6 (full 1):
 PSYoungGen      total 38400K, used 5112K [0x00000000d5d80000, 0x00000000dae80000, 0x0000000100000000)
  eden space 33280K, 0% used [0x00000000d5d80000,0x00000000d5d80000,0x00000000d7e00000)
  from space 5120K, 99% used [0x00000000d7e00000,0x00000000d82fe030,0x00000000d8300000)
  to   space 8192K, 0% used [0x00000000da680000,0x00000000da680000,0x00000000dae80000)
 ParOldGen       total 87552K, used 5540K [0x0000000081800000, 0x0000000086d80000, 0x00000000d5d80000)
  object space 87552K, 6% used [0x0000000081800000,0x0000000081d69298,0x0000000086d80000)
 Metaspace       used 20902K, capacity 21114K, committed 21296K, reserved 1069056K
  class space    used 2564K, capacity 2624K, committed 2688K, reserved 1048576K
Event: 4.149 GC heap after
Heap after GC invocations=6 (full 1):
 PSYoungGen      total 38400K, used 0K [0x00000000d5d80000, 0x00000000dae80000, 0x0000000100000000)
  eden space 33280K, 0% used [0x00000000d5d80000,0x00000000d5d80000,0x00000000d7e00000)
  from space 5120K, 0% used [0x00000000d7e00000,0x00000000d7e00000,0x00000000d8300000)
  to   space 8192K, 0% used [0x00000000da680000,0x00000000da680000,0x00000000dae80000)
 ParOldGen       total 57856K, used 6850K [0x0000000081800000, 0x0000000085080000, 0x00000000d5d80000)
  object space 57856K, 11% used [0x0000000081800000,0x0000000081eb0ac8,0x0000000085080000)
 Metaspace       used 20902K, capacity 21114K, committed 21296K, reserved 1069056K
  class space    used 2564K, capacity 2624K, committed 2688K, reserved 1048576K
}
Event: 4.510 GC heap before
{Heap before GC invocations=7 (full 1):
 PSYoungGen      total 38400K, used 33280K [0x00000000d5d80000, 0x00000000dae80000, 0x0000000100000000)
  eden space 33280K, 100% used [0x00000000d5d80000,0x00000000d7e00000,0x00000000d7e00000)
  from space 5120K, 0% used [0x00000000d7e00000,0x00000000d7e00000,0x00000000d8300000)
  to   space 8192K, 0% used [0x00000000da680000,0x00000000da680000,0x00000000dae80000)
 ParOldGen       total 57856K, used 6850K [0x0000000081800000, 0x0000000085080000, 0x00000000d5d80000)
  object space 57856K, 11% used [0x0000000081800000,0x0000000081eb0ac8,0x0000000085080000)
 Metaspace       used 22108K, capacity 22470K, committed 22832K, reserved 1069056K
  class space    used 2735K, capacity 2840K, committed 2944K, reserved 1048576K
Event: 4.513 GC heap after
Heap after GC invocations=7 (full 1):
 PSYoungGen      total 52736K, used 1719K [0x00000000d5d80000, 0x00000000da880000, 0x0000000100000000)
  eden space 50688K, 0% used [0x00000000d5d80000,0x00000000d5d80000,0x00000000d8f00000)
  from space 2048K, 83% used [0x00000000da680000,0x00000000da82dc20,0x00000000da880000)
  to   space 9216K, 0% used [0x00000000d9680000,0x00000000d9680000,0x00000000d9f80000)
 ParOldGen       total 57856K, used 6858K [0x0000000081800000, 0x0000000085080000, 0x00000000d5d80000)
  object space 57856K, 11% used [0x0000000081800000,0x0000000081eb2ac8,0x0000000085080000)
 Metaspace       used 22108K, capacity 22470K, committed 22832K, reserved 1069056K
  class space    used 2735K, capacity 2840K, committed 2944K, reserved 1048576K
}
Event: 5.317 GC heap before
{Heap before GC invocations=8 (full 1):
 PSYoungGen      total 52736K, used 52407K [0x00000000d5d80000, 0x00000000da880000, 0x0000000100000000)
  eden space 50688K, 100% used [0x00000000d5d80000,0x00000000d8f00000,0x00000000d8f00000)
  from space 2048K, 83% used [0x00000000da680000,0x00000000da82dc20,0x00000000da880000)
  to   space 9216K, 0% used [0x00000000d9680000,0x00000000d9680000,0x00000000d9f80000)
 ParOldGen       total 57856K, used 6858K [0x0000000081800000, 0x0000000085080000, 0x00000000d5d80000)
  object space 57856K, 11% used [0x0000000081800000,0x0000000081eb2ac8,0x0000000085080000)
 Metaspace       used 24737K, capacity 25084K, committed 25216K, reserved 1071104K
  class space    used 3067K, capacity 3169K, committed 3200K, reserved 1048576K
Event: 5.324 GC heap after
Heap after GC invocations=8 (full 1):
 PSYoungGen      total 67584K, used 4710K [0x00000000d5d80000, 0x00000000db900000, 0x0000000100000000)
  eden space 58368K, 0% used [0x00000000d5d80000,0x00000000d5d80000,0x00000000d9680000)
  from space 9216K, 51% used [0x00000000d9680000,0x00000000d9b19b88,0x00000000d9f80000)
  to   space 8704K, 0% used [0x00000000db080000,0x00000000db080000,0x00000000db900000)
 ParOldGen       total 57856K, used 6866K [0x0000000081800000, 0x0000000085080000, 0x00000000d5d80000)
  object space 57856K, 11% used [0x0000000081800000,0x0000000081eb4ac8,0x0000000085080000)
 Metaspace       used 24737K, capacity 25084K, committed 25216K, reserved 1071104K
  class space    used 3067K, capacity 3169K, committed 3200K, reserved 1048576K
}
Event: 6.217 GC heap before
{Heap before GC invocations=9 (full 1):
 PSYoungGen      total 67584K, used 63078K [0x00000000d5d80000, 0x00000000db900000, 0x0000000100000000)
  eden space 58368K, 100% used [0x00000000d5d80000,0x00000000d9680000,0x00000000d9680000)
  from space 9216K, 51% used [0x00000000d9680000,0x00000000d9b19b88,0x00000000d9f80000)
  to   space 8704K, 0% used [0x00000000db080000,0x00000000db080000,0x00000000db900000)
 ParOldGen       total 57856K, used 6866K [0x0000000081800000, 0x0000000085080000, 0x00000000d5d80000)
  object space 57856K, 11% used [0x0000000081800000,0x0000000081eb4ac8,0x0000000085080000)
 Metaspace       used 27414K, capacity 27784K, committed 28160K, reserved 1073152K
  class space    used 3439K, capacity 3555K, committed 3584K, reserved 1048576K
Event: 6.232 GC heap after
Heap after GC invocations=9 (full 1):
 PSYoungGen      total 84992K, used 6489K [0x00000000d5d80000, 0x00000000dc580000, 0x0000000100000000)
  eden space 76288K, 0% used [0x00000000d5d80000,0x00000000d5d80000,0x00000000da800000)
  from space 8704K, 74% used [0x00000000db080000,0x00000000db6d6600,0x00000000db900000)
  to   space 8704K, 0% used [0x00000000da800000,0x00000000da800000,0x00000000db080000)
 ParOldGen       total 57856K, used 6866K [0x0000000081800000, 0x0000000085080000, 0x00000000d5d80000)
  object space 57856K, 11% used [0x0000000081800000,0x0000000081eb4ac8,0x0000000085080000)
 Metaspace       used 27414K, capacity 27784K, committed 28160K, reserved 1073152K
  class space    used 3439K, capacity 3555K, committed 3584K, reserved 1048576K
}

Deoptimization events (10 events):
Event: 6.059 Thread 0x0000000002915800 Uncommon trap: reason=bimorphic action=maybe_recompile pc=0x000000000343ff74 method=java.util.concurrent.ConcurrentHashMap.putVal(Ljava/lang/Object;Ljava/lang/Object;Z)Ljava/lang/Object; @ 192
Event: 6.059 Thread 0x0000000002915800 Uncommon trap: reason=unstable_if action=reinterpret pc=0x0000000003426380 method=java.util.concurrent.ConcurrentHashMap.get(Ljava/lang/Object;)Ljava/lang/Object; @ 152
Event: 6.139 Thread 0x0000000002915800 Uncommon trap: reason=unstable_if action=reinterpret pc=0x0000000002feab20 method=com.sun.org.apache.xerces.internal.utils.XMLSecurityManager.isOverLimit(ILcom/sun/org/apache/xerces/internal/utils/XMLLimitAnalyzer;)Z @ 28
Event: 6.144 Thread 0x0000000002915800 Uncommon trap: reason=unstable_if action=reinterpret pc=0x000000000302e198 method=com.sun.org.apache.xerces.internal.util.SymbolTable.addSymbol([CII)Ljava/lang/String; @ 64
Event: 6.601 Thread 0x0000000002915800 Uncommon trap: reason=null_check action=make_not_entrant pc=0x00000000034703d8 method=org.springframework.util.ClassUtils.isAssignable(Ljava/lang/Class;Ljava/lang/Class;)Z @ 14
Event: 6.699 Thread 0x0000000002915800 Uncommon trap: reason=unstable_if action=reinterpret pc=0x00000000035b6d90 method=org.springframework.asm.Frame.merge(Lorg/springframework/asm/ClassWriter;I[II)Z @ 19
Event: 6.702 Thread 0x0000000002915800 Uncommon trap: reason=unstable_if action=reinterpret pc=0x000000000339ad24 method=org.springframework.asm.Type.getDescriptor(Ljava/lang/StringBuilder;Ljava/lang/Class;)V @ 39
Event: 6.706 Thread 0x0000000002915800 Uncommon trap: reason=unstable_if action=reinterpret pc=0x00000000035a3b44 method=java.util.concurrent.ConcurrentHashMap.isEmpty()Z @ 6
Event: 6.709 Thread 0x0000000002915800 Uncommon trap: reason=unstable_if action=reinterpret pc=0x00000000034599d0 method=org.springframework.beans.factory.support.AbstractAutowireCapableBeanFactory.predictBeanType(Ljava/lang/String;Lorg/springframework/beans/factory/support/RootBeanDefinition;
Event: 6.717 Thread 0x0000000002915800 Uncommon trap: reason=unstable_if action=reinterpret pc=0x00000000033bdf04 method=org.springframework.beans.factory.support.AbstractAutowireCapableBeanFactory.predictBeanType(Ljava/lang/String;Lorg/springframework/beans/factory/support/RootBeanDefinition;

Classes redefined (0 events):
No events

Internal exceptions (10 events):
Event: 6.724 Thread 0x0000000002915800 Exception <a 'java/lang/ClassNotFoundException': org/springframework/boot/autoconfigure/AutoConfigurationPackages$BasePackagesCustomizer> (0x00000000d882f5a8) thrown at [C:\re\workspace\8-2-build-windows-amd64-cygwin\jdk8u161\10277\hotspot\src\share\vm\cl
Event: 6.726 Thread 0x0000000002915800 Exception <a 'java/lang/ClassNotFoundException': org/springframework/boot/autoconfigure/context/PropertyPlaceholderAutoConfiguration$$EnhancerBySpringCGLIB$$5848f4beBeanInfo> (0x00000000d8860b38) thrown at [C:\re\workspace\8-2-build-windows-amd64-cygwin\j
Event: 6.726 Thread 0x0000000002915800 Exception <a 'java/lang/ClassNotFoundException': org/springframework/boot/autoconfigure/context/PropertyPlaceholderAutoConfigurationBeanInfo> (0x00000000d887ef00) thrown at [C:\re\workspace\8-2-build-windows-amd64-cygwin\jdk8u161\10277\hotspot\src\share\v
Event: 6.727 Thread 0x0000000002915800 Exception <a 'java/lang/ClassNotFoundException': org/springframework/boot/autoconfigure/context/PropertyPlaceholderAutoConfigurationCustomizer> (0x00000000d889d698) thrown at [C:\re\workspace\8-2-build-windows-amd64-cygwin\jdk8u161\10277\hotspot\src\share
Event: 6.728 Thread 0x0000000002915800 Exception <a 'java/lang/ClassNotFoundException': org/springframework/boot/autoconfigure/context/PropertyPlaceholderAutoConfiguration$$EnhancerBySpringCGLIB$$5848f4beCustomizer> (0x00000000d88c5e40) thrown at [C:\re\workspace\8-2-build-windows-amd64-cygwin
Event: 6.729 Thread 0x0000000002915800 Exception <a 'java/lang/ClassNotFoundException': org/springframework/context/annotation/ConfigurationClassEnhancer$EnhancedConfigurationCustomizer> (0x00000000d88eb608) thrown at [C:\re\workspace\8-2-build-windows-amd64-cygwin\jdk8u161\10277\hotspot\src\s
Event: 6.732 Thread 0x0000000002915800 Exception <a 'java/lang/ClassNotFoundException': org/springframework/boot/autoconfigure/jackson/JacksonAutoConfiguration$Jackson2ObjectMapperBuilderCustomizerConfiguration$$EnhancerBySpringCGLIB$$2089aa1eBeanInfo> (0x00000000d8929890) thrown at [C:\re\wor
Event: 6.733 Thread 0x0000000002915800 Exception <a 'java/lang/ClassNotFoundException': org/springframework/boot/autoconfigure/jackson/JacksonAutoConfiguration$Jackson2ObjectMapperBuilderCustomizerConfigurationBeanInfo> (0x00000000d8950b70) thrown at [C:\re\workspace\8-2-build-windows-amd64-cy
Event: 6.734 Thread 0x0000000002915800 Exception <a 'java/lang/ClassNotFoundException': org/springframework/boot/autoconfigure/jackson/JacksonAutoConfiguration$Jackson2ObjectMapperBuilderCustomizerConfigurationCustomizer> (0x00000000d8978c68) thrown at [C:\re\workspace\8-2-build-windows-amd64-
Event: 6.735 Thread 0x0000000002915800 Exception <a 'java/lang/ClassNotFoundException': org/springframework/boot/autoconfigure/jackson/JacksonAutoConfiguration$Jackson2ObjectMapperBuilderCustomizerConfiguration$$EnhancerBySpringCGLIB$$2089aa1eCustomizer> (0x00000000d89ac738) thrown at [C:\re\w

Events (10 events):
Event: 6.734 loading class org/springframework/boot/autoconfigure/jackson/JacksonAutoConfiguration$Jackson2ObjectMapperBuilderCustomizerConfigurationCustomizer
Event: 6.734 loading class org/springframework/boot/autoconfigure/jackson/JacksonAutoConfiguration$Jackson2ObjectMapperBuilderCustomizerConfigurationCustomizer done
Event: 6.734 loading class org/springframework/boot/autoconfigure/jackson/JacksonAutoConfiguration$Jackson2ObjectMapperBuilderCustomizerConfiguration$$EnhancerBySpringCGLIB$$2089aa1eCustomizer
Event: 6.734 loading class org/springframework/boot/autoconfigure/jackson/JacksonAutoConfiguration$Jackson2ObjectMapperBuilderCustomizerConfiguration$$EnhancerBySpringCGLIB$$2089aa1eCustomizer done
Event: 6.735 loading class org/springframework/boot/autoconfigure/jackson/JacksonAutoConfiguration$Jackson2ObjectMapperBuilderCustomizerConfiguration$$EnhancerBySpringCGLIB$$2089aa1eCustomizer
Event: 6.735 loading class org/springframework/boot/autoconfigure/jackson/JacksonAutoConfiguration$Jackson2ObjectMapperBuilderCustomizerConfiguration$$EnhancerBySpringCGLIB$$2089aa1eCustomizer done
Event: 6.735 loading class org/springframework/boot/autoconfigure/jackson/JacksonAutoConfiguration$Jackson2ObjectMapperBuilderCustomizerConfiguration$$EnhancerBySpringCGLIB$$2089aa1eCustomizer
Event: 6.735 loading class org/springframework/boot/autoconfigure/jackson/JacksonAutoConfiguration$Jackson2ObjectMapperBuilderCustomizerConfiguration$$EnhancerBySpringCGLIB$$2089aa1eCustomizer done
Event: 6.735 loading class org/springframework/context/annotation/ConfigurationClassEnhancer$EnhancedConfigurationCustomizer
Event: 6.735 loading class org/springframework/context/annotation/ConfigurationClassEnhancer$EnhancedConfigurationCustomizer done


Dynamic libraries:
0x00007ff755a20000 - 0x00007ff755a57000 	D:\Program Files\Java\jdk1.8.0_161\bin\java.exe
0x00007ffc68940000 - 0x00007ffc68aed000 	C:\Windows\SYSTEM32\ntdll.dll
0x00007ffc67c20000 - 0x00007ffc67d5e000 	C:\Windows\system32\KERNEL32.DLL
0x00007ffc65b40000 - 0x00007ffc65c55000 	C:\Windows\system32\KERNELBASE.dll
0x00007ffc64600000 - 0x00007ffc6468e000 	C:\Windows\system32\apphelp.dll
0x00007ffc5b160000 - 0x00007ffc5b1b3000 	C:\Windows\AppPatch\AppPatch64\AcGenral.DLL
0x00007ffc67d60000 - 0x00007ffc67e0a000 	C:\Windows\system32\msvcrt.dll
0x00007ffc65f50000 - 0x00007ffc65f7e000 	C:\Windows\system32\SspiCli.dll
0x00007ffc68280000 - 0x00007ffc682d4000 	C:\Windows\system32\SHLWAPI.dll
0x00007ffc67900000 - 0x00007ffc67a77000 	C:\Windows\system32\USER32.dll
0x00007ffc67a80000 - 0x00007ffc67c14000 	C:\Windows\system32\ole32.dll
0x00007ffc66240000 - 0x00007ffc6776c000 	C:\Windows\system32\SHELL32.dll
0x00007ffc64fe0000 - 0x00007ffc65001000 	C:\Windows\SYSTEM32\USERENV.dll
0x00007ffc681d0000 - 0x00007ffc6827a000 	C:\Windows\system32\ADVAPI32.dll
0x00007ffc5a330000 - 0x00007ffc5a34e000 	C:\Windows\SYSTEM32\MPR.dll
0x00007ffc68690000 - 0x00007ffc687d0000 	C:\Windows\system32\RPCRT4.dll
0x00007ffc677d0000 - 0x00007ffc67829000 	C:\Windows\SYSTEM32\sechost.dll
0x00007ffc67fb0000 - 0x00007ffc681c2000 	C:\Windows\SYSTEM32\combase.dll
0x00007ffc687d0000 - 0x00007ffc6891b000 	C:\Windows\system32\GDI32.dll
0x00007ffc65a70000 - 0x00007ffc65a85000 	C:\Windows\SYSTEM32\profapi.dll
0x00007ffc63fc0000 - 0x00007ffc64072000 	C:\Windows\SYSTEM32\SHCORE.dll
0x00007ffc67f70000 - 0x00007ffc67fa6000 	C:\Windows\system32\IMM32.DLL
0x00007ffc67e10000 - 0x00007ffc67f61000 	C:\Windows\system32\MSCTF.dll
0x00007ffc63b40000 - 0x00007ffc63dbb000 	C:\Windows\WinSxS\amd64_microsoft.windows.common-controls_6595b64144ccf1df_6.0.9600.18006_none_623f33d3ecbe86e8\COMCTL32.dll
0x0000000054830000 - 0x0000000054902000 	D:\Program Files\Java\jdk1.8.0_161\jre\bin\msvcr100.dll
0x0000000053590000 - 0x0000000053e2f000 	D:\Program Files\Java\jdk1.8.0_161\jre\bin\server\jvm.dll
0x00007ffc5f860000 - 0x00007ffc5f869000 	C:\Windows\SYSTEM32\WSOCK32.dll
0x00007ffc636f0000 - 0x00007ffc63712000 	C:\Windows\SYSTEM32\WINMM.dll
0x00007ffc63720000 - 0x00007ffc6372a000 	C:\Windows\SYSTEM32\VERSION.dll
0x00007ffc66030000 - 0x00007ffc66037000 	C:\Windows\system32\PSAPI.DLL
0x00007ffc67770000 - 0x00007ffc677ca000 	C:\Windows\system32\WS2_32.dll
0x00007ffc63600000 - 0x00007ffc6362a000 	C:\Windows\SYSTEM32\WINMMBASE.dll
0x00007ffc678f0000 - 0x00007ffc678f9000 	C:\Windows\system32\NSI.dll
0x00007ffc65f80000 - 0x00007ffc65fcf000 	C:\Windows\SYSTEM32\cfgmgr32.dll
0x00007ffc64890000 - 0x00007ffc648b8000 	C:\Windows\SYSTEM32\DEVOBJ.dll
0x0000000053580000 - 0x000000005358f000 	D:\Program Files\Java\jdk1.8.0_161\jre\bin\verify.dll
0x0000000053550000 - 0x0000000053579000 	D:\Program Files\Java\jdk1.8.0_161\jre\bin\java.dll
0x0000000053500000 - 0x0000000053523000 	D:\Program Files\Java\jdk1.8.0_161\jre\bin\instrument.dll
0x0000000053530000 - 0x0000000053546000 	D:\Program Files\Java\jdk1.8.0_161\jre\bin\zip.dll
0x00007ffc5f600000 - 0x00007ffc5f61a000 	D:\Program Files\JetBrains\IntelliJ IDEA 2017.2.6\bin\breakgen64.dll
0x00000000534e0000 - 0x00000000534fa000 	D:\Program Files\Java\jdk1.8.0_161\jre\bin\net.dll
0x00007ffc65250000 - 0x00007ffc652a9000 	C:\Windows\system32\mswsock.dll
0x00000000534b0000 - 0x00000000534bd000 	D:\Program Files\Java\jdk1.8.0_161\jre\bin\management.dll
0x00007ffc5ce80000 - 0x00007ffc5ce95000 	C:\Windows\system32\napinsp.dll
0x00007ffc5d250000 - 0x00007ffc5d26a000 	C:\Windows\system32\pnrpnsp.dll
0x00007ffc62420000 - 0x00007ffc6243b000 	C:\Windows\system32\NLAapi.dll
0x00007ffc65050000 - 0x00007ffc650f4000 	C:\Windows\SYSTEM32\DNSAPI.dll
0x00007ffc5ce50000 - 0x00007ffc5ce5d000 	C:\Windows\System32\winrnr.dll
0x00007ffc5ce30000 - 0x00007ffc5ce44000 	C:\Windows\system32\wshbth.dll
0x00007ffc5cdd0000 - 0x00007ffc5cdda000 	C:\Windows\System32\rasadhlp.dll
0x00007ffc5ebc0000 - 0x00007ffc5ebea000 	C:\Windows\SYSTEM32\IPHLPAPI.DLL
0x00007ffc5eb90000 - 0x00007ffc5eb9a000 	C:\Windows\SYSTEM32\WINNSI.DLL
0x00007ffc5e900000 - 0x00007ffc5e96b000 	C:\Windows\System32\fwpuclnt.dll
0x00000000534c0000 - 0x00000000534d1000 	D:\Program Files\Java\jdk1.8.0_161\jre\bin\nio.dll
0x00007ffc618a0000 - 0x00007ffc61a29000 	C:\Windows\SYSTEM32\dbghelp.dll

VM Arguments:
jvm_args: -ea -Didea.test.cyclic.buffer.size=1048576 -javaagent:D:\Program Files\JetBrains\IntelliJ IDEA 2017.2.6\lib\idea_rt.jar=54497:D:\Program Files\JetBrains\IntelliJ IDEA 2017.2.6\bin -Dfile.encoding=UTF-8 
java_command: com.intellij.rt.execution.junit.JUnitStarter -ideVersion5 -junit4 com.lzkydh.mapper.UserMapperTest,queryUserInfoByPhoneOrEmail
java_class_path (initial): D:\Program Files\JetBrains\IntelliJ IDEA 2017.2.6\lib\idea_rt.jar;D:\Program Files\JetBrains\IntelliJ IDEA 2017.2.6\plugins\junit\lib\junit-rt.jar;D:\Program Files\JetBrains\IntelliJ IDEA 2017.2.6\plugins\junit\lib\junit5-rt.jar;D:\Program Files\Java\jdk1.8.0_161\jre\lib\charsets.jar;D:\Program Files\Java\jdk1.8.0_161\jre\lib\deploy.jar;D:\Program Files\Java\jdk1.8.0_161\jre\lib\ext\access-bridge-64.jar;D:\Program Files\Java\jdk1.8.0_161\jre\lib\ext\cldrdata.jar;D:\Program Files\Java\jdk1.8.0_161\jre\lib\ext\dnsns.jar;D:\Program Files\Java\jdk1.8.0_161\jre\lib\ext\jaccess.jar;D:\Program Files\Java\jdk1.8.0_161\jre\lib\ext\jfxrt.jar;D:\Program Files\Java\jdk1.8.0_161\jre\lib\ext\localedata.jar;D:\Program Files\Java\jdk1.8.0_161\jre\lib\ext\nashorn.jar;D:\Program Files\Java\jdk1.8.0_161\jre\lib\ext\sunec.jar;D:\Program Files\Java\jdk1.8.0_161\jre\lib\ext\sunjce_provider.jar;D:\Program Files\Java\jdk1.8.0_161\jre\lib\ext\sunmscapi.jar;D:\Program Files\Java\jdk1.8.0_161\jre\lib\ext\sunpkcs11.jar;D:\Program Files\Java\jdk1.8.0_161\jre\lib\ext\zipfs.jar;D:\Program Files\Java\jdk1.8.0_161\jre\lib\javaws.jar;D:\Program Files\Java\jdk1.8.0_161\jre\lib\jce.jar;D:\Program Files\Java\jdk1.8.0_161\jre\lib\jfr.jar;D:\Program Files\Java\jdk1.8.0_161\jre\lib\jfxswt.jar;D:\Program Files\Java\jdk1.8.0_161\jre\lib\jsse.jar;D:\Program Files\Java\jdk1.8.0_161\jre\lib\management-agent.jar;D:\Program Files\Java\jdk1.8.0_161\jre\lib\plugin.jar;D:\Program Files\Java\jdk1.8.0_161\jre\lib\resources.jar;D:\Program Files\Java\jdk1.8.0_161\jre\lib\rt.jar;D:\Workspaces\project\cookup\target\test-classes;D:\Workspaces\project\cookup\target\classes;C:\Users\admin\.m2\repository\junit\junit\4.12\junit-4.12.jar;C:\Users\admin\.m2\repository\org\hamcrest\hamcrest-core\1.3\hamcrest-core-1.3.jar;C:\Users\admin\.m2\repository\org\springframework\boot\spring-boot-starter-web\1.5.9.RELEASE\spring-boot-starter-web-1.5.9.RELEASE.jar;C:\Users\admin\.m2\repository\org\springframewo
Launcher Type: SUN_STANDARD

Environment Variables:
JAVA_HOME=D:\Program Files\Java\jdk1.8.0_161
CLASSPATH=.;D:\Program Files\Java\jdk-9.0.1\lib;D:\Program Files\Java\jdk-9.0.1\lib\tools.jar
PATH=D:\Program Files\Java\jdk-9.0.1\bin;d:\Program Files\Git\cmd;D:\Program Files\mysql-5.7.17-winx64\bin;;C:\Windows\system32;C:\Windows;C:\Windows\system32\wbem;D:\Program Files\nodejs\;%TOMCAT_HOME%\bin;%CATALINA_HOME%\lib;C:\Users\admin\AppData\Roaming\npm;d:\Program Files\Microsoft VS Code\bin
USERNAME=admin
OS=Windows_NT
PROCESSOR_IDENTIFIER=Intel64 Family 6 Model 61 Stepping 4, GenuineIntel



---------------  S Y S T E M  ---------------

OS: Windows 8.1 , 64 bit Build 9600 (6.3.9600.17415)

CPU:total 4 (initial active 4) (2 cores per cpu, 2 threads per core) family 6 model 61 stepping 4, cmov, cx8, fxsr, mmx, sse, sse2, sse3, ssse3, sse4.1, sse4.2, popcnt, avx, avx2, aes, clmul, erms, 3dnowpref, lzcnt, ht, tsc, tscinvbit, bmi1, bmi2, adx

Memory: 4k page, physical 8289072k(3675376k free), swap 9226316k(3439560k free)

vm_info: Java HotSpot(TM) 64-Bit Server VM (25.161-b12) for windows-amd64 JRE (1.8.0_161-b12), built on Dec 19 2017 17:52:25 by "java_re" with MS VC++ 10.0 (VS2010)

time: Thu Mar 15 14:48:36 2018
elapsed time: 6 seconds (0d 0h 0m 6s)

